This is pdfTeX, Version 3.141592653-2.6-1.40.25 (TeX Live 2023) (preloaded format=pdflatex 2023.4.1)  7 SEP 2023 02:50
entering extended mode
 restricted \write18 enabled.
 file:line:error style messages enabled.
 %&-line parsing enabled.
**c:/Users/EXCAE/DataspellProjects/My-Latex-Files/Diffusion/DDIM/main.tex
(c:/Users/EXCAE/DataspellProjects/My-Latex-Files/Diffusion/DDIM/main.tex
LaTeX2e <2022-11-01> patch level 1
L3 programming layer <2023-03-30> (c:/texlive/2023/texmf-dist/tex/latex/base/article.cls
Document Class: article 2022/07/02 v1.4n Standard LaTeX document class
(c:/texlive/2023/texmf-dist/tex/latex/base/size10.clo
File: size10.clo 2022/07/02 v1.4n Standard LaTeX file (size option)
)
\c@part=\count185
\c@section=\count186
\c@subsection=\count187
\c@subsubsection=\count188
\c@paragraph=\count189
\c@subparagraph=\count190
\c@figure=\count191
\c@table=\count192
\abovecaptionskip=\skip48
\belowcaptionskip=\skip49
\bibindent=\dimen140
) (./iclr2021_conference.sty (c:/texlive/2023/texmf-dist/tex/latex/eso-pic/eso-pic.sty
Package: eso-pic 2023/03/23 v3.0b eso-pic (RN)
\ESO@tempdima=\dimen141
\ESO@tempdimb=\dimen142
 (c:/texlive/2023/texmf-dist/tex/latex/graphics/keyval.sty
Package: keyval 2022/05/29 v1.15 key=value parser (DPC)
\KV@toks@=\toks16
) (c:/texlive/2023/texmf-dist/tex/latex/xcolor/xcolor.sty
Package: xcolor 2022/06/12 v2.14 LaTeX color extensions (UK)
 (c:/texlive/2023/texmf-dist/tex/latex/graphics-cfg/color.cfg
File: color.cfg 2016/01/02 v1.6 sample color configuration
)
Package xcolor Info: Driver file: pdftex.def on input line 227.
 (c:/texlive/2023/texmf-dist/tex/latex/graphics-def/pdftex.def
File: pdftex.def 2022/09/22 v1.2b Graphics/color driver for pdftex
) (c:/texlive/2023/texmf-dist/tex/latex/graphics/mathcolor.ltx)
Package xcolor Info: Model `cmy' substituted by `cmy0' on input line 1353.
Package xcolor Info: Model `hsb' substituted by `rgb' on input line 1357.
Package xcolor Info: Model `RGB' extended on input line 1369.
Package xcolor Info: Model `HTML' substituted by `rgb' on input line 1371.
Package xcolor Info: Model `Hsb' substituted by `hsb' on input line 1372.
Package xcolor Info: Model `tHsb' substituted by `hsb' on input line 1373.
Package xcolor Info: Model `HSB' substituted by `hsb' on input line 1374.
Package xcolor Info: Model `Gray' substituted by `gray' on input line 1375.
Package xcolor Info: Model `wave' substituted by `hsb' on input line 1376.
)) (./fancyhdr.sty
\fancy@headwidth=\skip50
\f@ncyO@elh=\skip51
\f@ncyO@erh=\skip52
\f@ncyO@olh=\skip53
\f@ncyO@orh=\skip54
\f@ncyO@elf=\skip55
\f@ncyO@erf=\skip56
\f@ncyO@olf=\skip57
\f@ncyO@orf=\skip58
) (./natbib.sty
Package: natbib 2009/07/16 8.31 (PWD, AO)
\bibhang=\skip59
\bibsep=\skip60
LaTeX Info: Redefining \cite on input line 694.
\c@NAT@ctr=\count193
)) (c:/texlive/2023/texmf-dist/tex/latex/psnfss/times.sty
Package: times 2020/03/25 PSNFSS-v9.3 (SPQR) 
) (c:/texlive/2023/texmf-dist/tex/latex/caption/subcaption.sty
Package: subcaption 2023/02/19 v1.6 Sub-captions (AR)
 (c:/texlive/2023/texmf-dist/tex/latex/caption/caption.sty
Package: caption 2023/03/12 v3.6j Customizing captions (AR)
 (c:/texlive/2023/texmf-dist/tex/latex/caption/caption3.sty
Package: caption3 2023/03/12 v2.4 caption3 kernel (AR)
\caption@tempdima=\dimen143
\captionmargin=\dimen144
\caption@leftmargin=\dimen145
\caption@rightmargin=\dimen146
\caption@width=\dimen147
\caption@indent=\dimen148
\caption@parindent=\dimen149
\caption@hangindent=\dimen150
Package caption Info: Standard document class detected.
)
\c@caption@flags=\count194
\c@continuedfloat=\count195
)
Package caption Info: New subtype `subfigure' on input line 239.
\c@subfigure=\count196
Package caption Info: New subtype `subtable' on input line 239.
\c@subtable=\count197
) (c:/texlive/2023/texmf-dist/tex/latex/graphics/graphicx.sty
Package: graphicx 2021/09/16 v1.2d Enhanced LaTeX Graphics (DPC,SPQR)
 (c:/texlive/2023/texmf-dist/tex/latex/graphics/graphics.sty
Package: graphics 2022/03/10 v1.4e Standard LaTeX Graphics (DPC,SPQR)
 (c:/texlive/2023/texmf-dist/tex/latex/graphics/trig.sty
Package: trig 2021/08/11 v1.11 sin cos tan (DPC)
) (c:/texlive/2023/texmf-dist/tex/latex/graphics-cfg/graphics.cfg
File: graphics.cfg 2016/06/04 v1.11 sample graphics configuration
)
Package graphics Info: Driver file: pdftex.def on input line 107.
)
\Gin@req@height=\dimen151
\Gin@req@width=\dimen152
) (./math_commands.tex (c:/texlive/2023/texmf-dist/tex/latex/amsmath/amsmath.sty
Package: amsmath 2022/04/08 v2.17n AMS math features
\@mathmargin=\skip61

For additional information on amsmath, use the `?' option.
(c:/texlive/2023/texmf-dist/tex/latex/amsmath/amstext.sty
Package: amstext 2021/08/26 v2.01 AMS text
 (c:/texlive/2023/texmf-dist/tex/latex/amsmath/amsgen.sty
File: amsgen.sty 1999/11/30 v2.0 generic functions
\@emptytoks=\toks17
\ex@=\dimen153
)) (c:/texlive/2023/texmf-dist/tex/latex/amsmath/amsbsy.sty
Package: amsbsy 1999/11/29 v1.2d Bold Symbols
\pmbraise@=\dimen154
) (c:/texlive/2023/texmf-dist/tex/latex/amsmath/amsopn.sty
Package: amsopn 2022/04/08 v2.04 operator names
)
\inf@bad=\count198
LaTeX Info: Redefining \frac on input line 234.
\uproot@=\count199
\leftroot@=\count266
LaTeX Info: Redefining \overline on input line 399.
LaTeX Info: Redefining \colon on input line 410.
\classnum@=\count267
\DOTSCASE@=\count268
LaTeX Info: Redefining \ldots on input line 496.
LaTeX Info: Redefining \dots on input line 499.
LaTeX Info: Redefining \cdots on input line 620.
\Mathstrutbox@=\box51
\strutbox@=\box52
LaTeX Info: Redefining \big on input line 722.
LaTeX Info: Redefining \Big on input line 723.
LaTeX Info: Redefining \bigg on input line 724.
LaTeX Info: Redefining \Bigg on input line 725.
\big@size=\dimen155
LaTeX Font Info:    Redeclaring font encoding OML on input line 743.
LaTeX Font Info:    Redeclaring font encoding OMS on input line 744.
\macc@depth=\count269
LaTeX Info: Redefining \bmod on input line 905.
LaTeX Info: Redefining \pmod on input line 910.
LaTeX Info: Redefining \smash on input line 940.
LaTeX Info: Redefining \relbar on input line 970.
LaTeX Info: Redefining \Relbar on input line 971.
\c@MaxMatrixCols=\count270
\dotsspace@=\muskip16
\c@parentequation=\count271
\dspbrk@lvl=\count272
\tag@help=\toks18
\row@=\count273
\column@=\count274
\maxfields@=\count275
\andhelp@=\toks19
\eqnshift@=\dimen156
\alignsep@=\dimen157
\tagshift@=\dimen158
\tagwidth@=\dimen159
\totwidth@=\dimen160
\lineht@=\dimen161
\@envbody=\toks20
\multlinegap=\skip62
\multlinetaggap=\skip63
\mathdisplay@stack=\toks21
LaTeX Info: Redefining \[ on input line 2953.
LaTeX Info: Redefining \] on input line 2954.
) (c:/texlive/2023/texmf-dist/tex/latex/amsfonts/amsfonts.sty
Package: amsfonts 2013/01/14 v3.01 Basic AMSFonts support
\symAMSa=\mathgroup4
\symAMSb=\mathgroup5
LaTeX Font Info:    Redeclaring math symbol \hbar on input line 98.
LaTeX Font Info:    Overwriting math alphabet `\mathfrak' in version `bold'
(Font)                  U/euf/m/n --> U/euf/b/n on input line 106.
) (c:/texlive/2023/texmf-dist/tex/latex/tools/bm.sty
Package: bm 2022/01/05 v1.2f Bold Symbol Support (DPC/FMi)
\symboldoperators=\mathgroup6
\symboldletters=\mathgroup7
\symboldsymbols=\mathgroup8
Package bm Info: No bold for \OMX/cmex/m/n, using \pmb.
Package bm Info: No bold for \U/msa/m/n, using \pmb.
Package bm Info: No bold for \U/msb/m/n, using \pmb.
LaTeX Font Info:    Redeclaring math alphabet \mathbf on input line 149.
) (c:/texlive/2023/texmf-dist/tex/latex/amsfonts/amssymb.sty
Package: amssymb 2013/01/14 v3.01 AMS font symbols
) (c:/texlive/2023/texmf-dist/tex/latex/mathtools/mathtools.sty
Package: mathtools 2022/06/29 v1.29 mathematical typesetting tools
 (c:/texlive/2023/texmf-dist/tex/latex/tools/calc.sty
Package: calc 2017/05/25 v4.3 Infix arithmetic (KKT,FJ)
\calc@Acount=\count276
\calc@Bcount=\count277
\calc@Adimen=\dimen162
\calc@Bdimen=\dimen163
\calc@Askip=\skip64
\calc@Bskip=\skip65
LaTeX Info: Redefining \setlength on input line 80.
LaTeX Info: Redefining \addtolength on input line 81.
\calc@Ccount=\count278
\calc@Cskip=\skip66
) (c:/texlive/2023/texmf-dist/tex/latex/mathtools/mhsetup.sty
Package: mhsetup 2021/03/18 v1.4 programming setup (MH)
)
\g_MT_multlinerow_int=\count279
\l_MT_multwidth_dim=\dimen164
\origjot=\skip67
\l_MT_shortvdotswithinadjustabove_dim=\dimen165
\l_MT_shortvdotswithinadjustbelow_dim=\dimen166
\l_MT_above_intertext_sep=\dimen167
\l_MT_below_intertext_sep=\dimen168
\l_MT_above_shortintertext_sep=\dimen169
\l_MT_below_shortintertext_sep=\dimen170
\xmathstrut@box=\box53
\xmathstrut@dim=\dimen171
) (c:/texlive/2023/texmf-dist/tex/latex/amscls/amsthm.sty
Package: amsthm 2020/05/29 v2.20.6
\thm@style=\toks22
\thm@bodyfont=\toks23
\thm@headfont=\toks24
\thm@notefont=\toks25
\thm@headpunct=\toks26
\thm@preskip=\skip68
\thm@postskip=\skip69
\thm@headsep=\skip70
\dth@everypar=\toks27
) (c:/texlive/2023/texmf-dist/tex/latex/tools/xspace.sty
Package: xspace 2014/10/28 v1.13 Space after command names (DPC,MH)
) (c:/texlive/2023/texmf-dist/tex/latex/booktabs/booktabs.sty
Package: booktabs 2020/01/12 v1.61803398 Publication quality tables
\heavyrulewidth=\dimen172
\lightrulewidth=\dimen173
\cmidrulewidth=\dimen174
\belowrulesep=\dimen175
\belowbottomsep=\dimen176
\aboverulesep=\dimen177
\abovetopsep=\dimen178
\cmidrulesep=\dimen179
\cmidrulekern=\dimen180
\defaultaddspace=\dimen181
\@cmidla=\count280
\@cmidlb=\count281
\@aboverulesep=\dimen182
\@belowrulesep=\dimen183
\@thisruleclass=\count282
\@lastruleclass=\count283
\@thisrulewidth=\dimen184
) (c:/texlive/2023/texmf-dist/tex/latex/thmtools/thm-restate.sty
Package: thm-restate 2023/02/17 v0.75
 (c:/texlive/2023/texmf-dist/tex/latex/thmtools/thmtools.sty
Package: thmtools 2023/02/17 v0.75
\thmt@toks=\toks28
\c@thmt@dummyctr=\count284
 (c:/texlive/2023/texmf-dist/tex/latex/thmtools/thm-patch.sty
Package: thm-patch 2023/02/17 v0.75
 (c:/texlive/2023/texmf-dist/tex/latex/thmtools/parseargs.sty
Package: parseargs 2023/02/17 v0.75
\@parsespec=\toks29
)) (c:/texlive/2023/texmf-dist/tex/latex/thmtools/thm-kv.sty
Package: thm-kv 2023/02/17 v0.75
Package thm-kv Info: Theorem names will be uppercased on input line 42.
 (c:/texlive/2023/texmf-dist/tex/latex/kvsetkeys/kvsetkeys.sty
Package: kvsetkeys 2022-10-05 v1.19 Key value parser (HO)
)
Package thm-kv Info: kvsetkeys patch (v1.16 or later) on input line 158.
) (c:/texlive/2023/texmf-dist/tex/latex/thmtools/thm-autoref.sty
Package: thm-autoref 2023/02/17 v0.75
 (c:/texlive/2023/texmf-dist/tex/latex/thmtools/aliasctr.sty
Package: aliasctr 2023/02/17 v0.75
)) (c:/texlive/2023/texmf-dist/tex/latex/thmtools/thm-listof.sty
Package: thm-listof 2023/02/17 v0.75
) (c:/texlive/2023/texmf-dist/tex/latex/thmtools/thm-amsthm.sty
Package: thm-amsthm 2023/02/17 v0.75
\thmt@style@headstyle=\toks30
)))
\c@theorem=\count285
\c@definition=\count286
\c@proposition=\count287
\c@lemma=\count288
\c@assumption=\count289
\c@example=\count290
LaTeX Font Info:    Overwriting math alphabet `\mathsfit' in version `bold'
(Font)                  OT1/phv/m/sl --> OT1/phv/bx/n on input line 322.
) (c:/texlive/2023/texmf-dist/tex/latex/algorithms/algorithm.sty
Package: algorithm 2009/08/24 v0.1 Document Style `algorithm' - floating environment
 (c:/texlive/2023/texmf-dist/tex/latex/float/float.sty
Package: float 2001/11/08 v1.3d Float enhancements (AL)
\c@float@type=\count291
\float@exts=\toks31
\float@box=\box54
\@float@everytoks=\toks32
\@floatcapt=\box55
) (c:/texlive/2023/texmf-dist/tex/latex/base/ifthen.sty
Package: ifthen 2022/04/13 v1.1d Standard LaTeX ifthen package (DPC)
)
\@float@every@algorithm=\toks33
\c@algorithm=\count292
) (c:/texlive/2023/texmf-dist/tex/latex/algorithmicx/algpseudocode.sty
Package: algpseudocode 
 (c:/texlive/2023/texmf-dist/tex/latex/algorithmicx/algorithmicx.sty
Package: algorithmicx 2005/04/27 v1.2 Algorithmicx

Document Style algorithmicx 1.2 - a greatly improved `algorithmic' style
\c@ALG@line=\count293
\c@ALG@rem=\count294
\c@ALG@nested=\count295
\ALG@tlm=\skip71
\ALG@thistlm=\skip72
\c@ALG@Lnr=\count296
\c@ALG@blocknr=\count297
\c@ALG@storecount=\count298
\c@ALG@tmpcounter=\count299
\ALG@tmplength=\skip73
)
Document Style - pseudocode environments for use with the `algorithmicx' style
) (c:/texlive/2023/texmf-dist/tex/latex/multirow/multirow.sty
Package: multirow 2021/03/15 v2.8 Span multiple rows of a table
\multirow@colwidth=\skip74
\multirow@cntb=\count300
\multirow@dima=\skip75
\bigstrutjot=\dimen185
) (c:/texlive/2023/texmf-dist/tex/latex/tools/array.sty
Package: array 2022/09/04 v2.5g Tabular extension package (FMi)
\col@sep=\dimen186
\ar@mcellbox=\box56
\extrarowheight=\dimen187
\NC@list=\toks34
\extratabsurround=\skip76
\backup@length=\skip77
\ar@cellbox=\box57
) (c:/texlive/2023/texmf-dist/tex/latex/hyperref/hyperref.sty
Package: hyperref 2023-02-07 v7.00v Hypertext links for LaTeX
 (c:/texlive/2023/texmf-dist/tex/generic/ltxcmds/ltxcmds.sty
Package: ltxcmds 2020-05-10 v1.25 LaTeX kernel commands for general use (HO)
) (c:/texlive/2023/texmf-dist/tex/generic/iftex/iftex.sty
Package: iftex 2022/02/03 v1.0f TeX engine tests
) (c:/texlive/2023/texmf-dist/tex/generic/pdftexcmds/pdftexcmds.sty
Package: pdftexcmds 2020-06-27 v0.33 Utility functions of pdfTeX for LuaTeX (HO)
 (c:/texlive/2023/texmf-dist/tex/generic/infwarerr/infwarerr.sty
Package: infwarerr 2019/12/03 v1.5 Providing info/warning/error messages (HO)
)
Package pdftexcmds Info: \pdf@primitive is available.
Package pdftexcmds Info: \pdf@ifprimitive is available.
Package pdftexcmds Info: \pdfdraftmode found.
) (c:/texlive/2023/texmf-dist/tex/generic/kvdefinekeys/kvdefinekeys.sty
Package: kvdefinekeys 2019-12-19 v1.6 Define keys (HO)
) (c:/texlive/2023/texmf-dist/tex/generic/pdfescape/pdfescape.sty
Package: pdfescape 2019/12/09 v1.15 Implements pdfTeX's escape features (HO)
) (c:/texlive/2023/texmf-dist/tex/latex/hycolor/hycolor.sty
Package: hycolor 2020-01-27 v1.10 Color options for hyperref/bookmark (HO)
) (c:/texlive/2023/texmf-dist/tex/latex/letltxmacro/letltxmacro.sty
Package: letltxmacro 2019/12/03 v1.6 Let assignment for LaTeX macros (HO)
) (c:/texlive/2023/texmf-dist/tex/latex/auxhook/auxhook.sty
Package: auxhook 2019-12-17 v1.6 Hooks for auxiliary files (HO)
) (c:/texlive/2023/texmf-dist/tex/latex/hyperref/nameref.sty
Package: nameref 2022-05-17 v2.50 Cross-referencing by name of section
 (c:/texlive/2023/texmf-dist/tex/latex/refcount/refcount.sty
Package: refcount 2019/12/15 v3.6 Data extraction from label references (HO)
) (c:/texlive/2023/texmf-dist/tex/generic/gettitlestring/gettitlestring.sty
Package: gettitlestring 2019/12/15 v1.6 Cleanup title references (HO)
 (c:/texlive/2023/texmf-dist/tex/latex/kvoptions/kvoptions.sty
Package: kvoptions 2022-06-15 v3.15 Key value format for package options (HO)
))
\c@section@level=\count301
)
\@linkdim=\dimen188
\Hy@linkcounter=\count302
\Hy@pagecounter=\count303
 (c:/texlive/2023/texmf-dist/tex/latex/hyperref/pd1enc.def
File: pd1enc.def 2023-02-07 v7.00v Hyperref: PDFDocEncoding definition (HO)
Now handling font encoding PD1 ...
... no UTF-8 mapping file for font encoding PD1
) (c:/texlive/2023/texmf-dist/tex/generic/intcalc/intcalc.sty
Package: intcalc 2019/12/15 v1.3 Expandable calculations with integers (HO)
) (c:/texlive/2023/texmf-dist/tex/generic/etexcmds/etexcmds.sty
Package: etexcmds 2019/12/15 v1.7 Avoid name clashes with e-TeX commands (HO)
)
\Hy@SavedSpaceFactor=\count304
 (c:/texlive/2023/texmf-dist/tex/latex/hyperref/puenc.def
File: puenc.def 2023-02-07 v7.00v Hyperref: PDF Unicode definition (HO)
Now handling font encoding PU ...
... no UTF-8 mapping file for font encoding PU
)
Package hyperref Info: Hyper figures OFF on input line 4177.
Package hyperref Info: Link nesting OFF on input line 4182.
Package hyperref Info: Hyper index ON on input line 4185.
Package hyperref Info: Plain pages OFF on input line 4192.
Package hyperref Info: Backreferencing OFF on input line 4197.
Package hyperref Info: Implicit mode ON; LaTeX internals redefined.
Package hyperref Info: Bookmarks ON on input line 4425.
\c@Hy@tempcnt=\count305
 (c:/texlive/2023/texmf-dist/tex/latex/url/url.sty
\Urlmuskip=\muskip17
Package: url 2013/09/16  ver 3.4  Verb mode for urls, etc.
)
LaTeX Info: Redefining \url on input line 4763.
\XeTeXLinkMargin=\dimen189
 (c:/texlive/2023/texmf-dist/tex/generic/bitset/bitset.sty
Package: bitset 2019/12/09 v1.3 Handle bit-vector datatype (HO)
 (c:/texlive/2023/texmf-dist/tex/generic/bigintcalc/bigintcalc.sty
Package: bigintcalc 2019/12/15 v1.5 Expandable calculations on big integers (HO)
))
\Fld@menulength=\count306
\Field@Width=\dimen190
\Fld@charsize=\dimen191
Package hyperref Info: Hyper figures OFF on input line 6042.
Package hyperref Info: Link nesting OFF on input line 6047.
Package hyperref Info: Hyper index ON on input line 6050.
Package hyperref Info: backreferencing OFF on input line 6057.
Package hyperref Info: Link coloring OFF on input line 6062.
Package hyperref Info: Link coloring with OCG OFF on input line 6067.
Package hyperref Info: PDF/A mode OFF on input line 6072.
 (c:/texlive/2023/texmf-dist/tex/latex/base/atbegshi-ltx.sty
Package: atbegshi-ltx 2021/01/10 v1.0c Emulation of the original atbegshi
package with kernel methods
)
\Hy@abspage=\count307
\c@Item=\count308
\c@Hfootnote=\count309
)
Package hyperref Info: Driver (autodetected): hpdftex.
 (c:/texlive/2023/texmf-dist/tex/latex/hyperref/hpdftex.def
File: hpdftex.def 2023-02-07 v7.00v Hyperref driver for pdfTeX
 (c:/texlive/2023/texmf-dist/tex/latex/base/atveryend-ltx.sty
Package: atveryend-ltx 2020/08/19 v1.0a Emulation of the original atveryend package
with kernel methods
)
\Fld@listcount=\count310
\c@bookmark@seq@number=\count311
 (c:/texlive/2023/texmf-dist/tex/latex/rerunfilecheck/rerunfilecheck.sty
Package: rerunfilecheck 2022-07-10 v1.10 Rerun checks for auxiliary files (HO)
 (c:/texlive/2023/texmf-dist/tex/generic/uniquecounter/uniquecounter.sty
Package: uniquecounter 2019/12/15 v1.4 Provide unlimited unique counter (HO)
)
Package uniquecounter Info: New unique counter `rerunfilecheck' on input line 285.
)
\Hy@SectionHShift=\skip78
)
Package hyperref Info: Option `colorlinks' set `true' on input line 16.
 (c:/texlive/2023/texmf-dist/tex/latex/colortbl/colortbl.sty
Package: colortbl 2022/06/20 v1.0f Color table columns (DPC)
\everycr=\toks35
\minrowclearance=\skip79
\rownum=\count312
) (c:/texlive/2023/texmf-dist/tex/latex/tipa/tipa.sty
Package: tipa 2002/08/08 TIPA version 1.1
 (c:/texlive/2023/texmf-dist/tex/latex/base/fontenc.sty
Package: fontenc 2021/04/29 v2.0v Standard LaTeX package
 (c:/texlive/2023/texmf-dist/tex/latex/tipa/t3enc.def
File: t3enc.def 2001/12/31 T3 encoding
Now handling font encoding T3 ...
... no UTF-8 mapping file for font encoding T3
LaTeX Font Info:    Trying to load font information for OT1+phv on input line 357.
 (c:/texlive/2023/texmf-dist/tex/latex/psnfss/ot1phv.fd
File: ot1phv.fd 2020/03/25 scalable font definitions for OT1/phv.
))
LaTeX Font Info:    Trying to load font information for OT1+ptm on input line 112.
 (c:/texlive/2023/texmf-dist/tex/latex/psnfss/ot1ptm.fd
File: ot1ptm.fd 2001/06/04 font definitions for OT1/ptm.
))) (c:/texlive/2023/texmf-dist/tex/latex/l3backend/l3backend-pdftex.def
File: l3backend-pdftex.def 2023-03-30 L3 backend support: PDF output (pdfTeX)
\l__color_backend_stack_int=\count313
\l__pdf_internal_box=\box58
) (./main.aux)
\openout1 = `main.aux'.

LaTeX Font Info:    Checking defaults for OML/cmm/m/it on input line 33.
LaTeX Font Info:    ... okay on input line 33.
LaTeX Font Info:    Checking defaults for OMS/cmsy/m/n on input line 33.
LaTeX Font Info:    ... okay on input line 33.
LaTeX Font Info:    Checking defaults for OT1/cmr/m/n on input line 33.
LaTeX Font Info:    ... okay on input line 33.
LaTeX Font Info:    Checking defaults for T1/cmr/m/n on input line 33.
LaTeX Font Info:    ... okay on input line 33.
LaTeX Font Info:    Checking defaults for TS1/cmr/m/n on input line 33.
LaTeX Font Info:    ... okay on input line 33.
LaTeX Font Info:    Checking defaults for OMX/cmex/m/n on input line 33.
LaTeX Font Info:    ... okay on input line 33.
LaTeX Font Info:    Checking defaults for U/cmr/m/n on input line 33.
LaTeX Font Info:    ... okay on input line 33.
LaTeX Font Info:    Checking defaults for PD1/pdf/m/n on input line 33.
LaTeX Font Info:    ... okay on input line 33.
LaTeX Font Info:    Checking defaults for PU/pdf/m/n on input line 33.
LaTeX Font Info:    ... okay on input line 33.
LaTeX Font Info:    Checking defaults for T3/cmr/m/n on input line 33.
LaTeX Font Info:    Trying to load font information for T3+cmr on input line 33.
 (c:/texlive/2023/texmf-dist/tex/latex/tipa/t3cmr.fd
File: t3cmr.fd 2001/12/31 TIPA font definitions
)
LaTeX Font Info:    ... okay on input line 33.
 (c:/texlive/2023/texmf-dist/tex/context/base/mkii/supp-pdf.mkii
[Loading MPS to PDF converter (version 2006.09.02).]
\scratchcounter=\count314
\scratchdimen=\dimen192
\scratchbox=\box59
\nofMPsegments=\count315
\nofMParguments=\count316
\everyMPshowfont=\toks36
\MPscratchCnt=\count317
\MPscratchDim=\dimen193
\MPnumerator=\count318
\makeMPintoPDFobject=\count319
\everyMPtoPDFconversion=\toks37
) (c:/texlive/2023/texmf-dist/tex/latex/epstopdf-pkg/epstopdf-base.sty
Package: epstopdf-base 2020-01-24 v2.11 Base part for package epstopdf
 (c:/texlive/2023/texmf-dist/tex/latex/grfext/grfext.sty
Package: grfext 2019/12/03 v1.3 Manage graphics extensions (HO)
)
Package epstopdf-base Info: Redefining graphics rule for `.eps' on input line 485.
Package grfext Info: Graphics extension search list:
(grfext)             [.pdf,.png,.jpg,.mps,.jpeg,.jbig2,.jb2,.PDF,.PNG,.JPG,.JPEG,.JBIG2,.JB2,.eps]
(grfext)             \AppendGraphicsExtensions on input line 504.
 (c:/texlive/2023/texmf-dist/tex/latex/latexconfig/epstopdf-sys.cfg
File: epstopdf-sys.cfg 2010/07/13 v1.3 Configuration of (r)epstopdf for TeX Live
))
Package caption Info: Begin \AtBeginDocument code.
Package caption Info: float package is loaded.
Package caption Info: hyperref package is loaded.
Package caption Info: End \AtBeginDocument code.
Package hyperref Info: Link coloring ON on input line 33.
 (./main.out) (./main.out)
\@outlinefile=\write3
\openout3 = `main.out'.

LaTeX Font Info:    Trying to load font information for U+msa on input line 37.
 (c:/texlive/2023/texmf-dist/tex/latex/amsfonts/umsa.fd
File: umsa.fd 2013/01/14 v3.01 AMS symbols A
)
LaTeX Font Info:    Trying to load font information for U+msb on input line 37.
 (c:/texlive/2023/texmf-dist/tex/latex/amsfonts/umsb.fd
File: umsb.fd 2013/01/14 v3.01 AMS symbols B
)
LaTeX Font Info:    Trying to load font information for OT1+pcr on input line 37.
 (c:/texlive/2023/texmf-dist/tex/latex/psnfss/ot1pcr.fd
File: ot1pcr.fd 2001/06/04 font definitions for OT1/pcr.
)
LaTeX Font Info:    Trying to load font information for OMS+pcr on input line 37.
 (c:/texlive/2023/texmf-dist/tex/latex/psnfss/omspcr.fd
File: omspcr.fd 
)
LaTeX Font Info:    Font shape `OMS/pcr/m/n' in size <10> not available
(Font)              Font shape `OMS/cmsy/m/n' tried instead on input line 37.
 (./sections/1_introduction.tex [1{c:/texlive/2023/texmf-var/fonts/map/pdftex/updmap/pdftex.map}{c:/texlive/2023/texmf-dist/fonts/enc/dvips/base/8r.enc}

]) (./sections/2_background.tex

pdfTeX warning: pdflatex.exe (file ./figures/diffusion-orig.pdf): PDF inclusion: found PDF version <1.6>, but at most version <1.5> allowed
<figures/diffusion-orig.pdf, id=183, 394.34528pt x 91.04996pt>
File: figures/diffusion-orig.pdf Graphic file (type pdf)
<use figures/diffusion-orig.pdf>
Package pdftex.def Info: figures/diffusion-orig.pdf  used on input line 6.
(pdftex.def)             Requested size: 178.86702pt x 41.29718pt.


pdfTeX warning: pdflatex.exe (file ./figures/diffusion-generalized.pdf): PDF inclusion: found PDF version <1.6>, but at most version <1.5> allowed
<figures/diffusion-generalized.pdf, id=184, 377.04977pt x 97.63316pt>
File: figures/diffusion-generalized.pdf Graphic file (type pdf)
<use figures/diffusion-generalized.pdf>
Package pdftex.def Info: figures/diffusion-generalized.pdf  used on input line 10.
(pdftex.def)             Requested size: 178.86702pt x 46.31514pt.
[2 <./figures/diffusion-orig.pdf> <./figures/diffusion-generalized.pdf

pdfTeX warning: pdflatex.exe (file ./figures/diffusion-generalized.pdf): PDF inclusion: multiple pdfs with page group included in a single page
>]) (./sections/3_method.tex [3]
Overfull \hbox (10.44595pt too wide) detected at line 66
[]
 []

Package hyperref Info: bookmark level for unknown theorem defaults to 0 on input line 75.
[4]
LaTeX Font Info:    Trying to load font information for T3+ptm on input line 98.
 (c:/texlive/2023/texmf-dist/tex/latex/tipa/t3ptm.fd
File: t3ptm.fd 2001/12/31 TIPA font definitions
)

pdfTeX warning: pdflatex.exe (file ./figures/diffusion-figure-acc.pdf): PDF inclusion: found PDF version <1.6>, but at most version <1.5> allowed
<figures/diffusion-figure-acc.pdf, id=319, 384.04176pt x 106.3726pt>
File: figures/diffusion-figure-acc.pdf Graphic file (type pdf)
<use figures/diffusion-figure-acc.pdf>
Package pdftex.def Info: figures/diffusion-figure-acc.pdf  used on input line 111.
(pdftex.def)             Requested size: 198.7425pt x 55.04787pt.

Underfull \vbox (badness 2671) has occurred while \output is active []

 [5 <./figures/diffusion-figure-acc.pdf>]
Package hyperref Info: bookmark level for unknown proposition defaults to 0 on input line 148.
) (./sections/4_experiments.tex [6]
Overfull \hbox (1.6625pt too wide) in paragraph at lines 55--55
 []|\OT1/ptm/m/n/10 367.43| 
 []


Overfull \hbox (1.6625pt too wide) in paragraph at lines 55--55
 []|\OT1/ptm/m/n/10 133.37| 
 []


Overfull \hbox (1.6625pt too wide) in paragraph at lines 55--55
 []|\OT1/ptm/m/n/10 299.71| 
 []


Overfull \hbox (1.6625pt too wide) in paragraph at lines 55--55
 []|\OT1/ptm/m/n/10 183.83| 
 []

<figures/cifar10-dim10.pdf, id=425, 355.93738pt x 309.83167pt>
File: figures/cifar10-dim10.pdf Graphic file (type pdf)
<use figures/cifar10-dim10.pdf>
Package pdftex.def Info: figures/cifar10-dim10.pdf  used on input line 62.
(pdftex.def)             Requested size: 91.41985pt x 79.5757pt.
<figures/cifar10-dim100.pdf, id=426, 355.93738pt x 309.83167pt>
File: figures/cifar10-dim100.pdf Graphic file (type pdf)
<use figures/cifar10-dim100.pdf>
Package pdftex.def Info: figures/cifar10-dim100.pdf  used on input line 66.
(pdftex.def)             Requested size: 91.41985pt x 79.5757pt.
<figures/celeba-dim10.pdf, id=427, 355.92207pt x 309.78621pt>
File: figures/celeba-dim10.pdf Graphic file (type pdf)
<use figures/celeba-dim10.pdf>
Package pdftex.def Info: figures/celeba-dim10.pdf  used on input line 70.
(pdftex.def)             Requested size: 91.41985pt x 79.56876pt.
<figures/celeba-dim100.pdf, id=428, 355.92207pt x 309.78621pt>
File: figures/celeba-dim100.pdf Graphic file (type pdf)
<use figures/celeba-dim100.pdf>
Package pdftex.def Info: figures/celeba-dim100.pdf  used on input line 74.
(pdftex.def)             Requested size: 91.41985pt x 79.56876pt.
<figures/cifar10-tvh.pdf, id=429, 353.62166pt x 170.35834pt>
File: figures/cifar10-tvh.pdf Graphic file (type pdf)
<use figures/cifar10-tvh.pdf>
Package pdftex.def Info: figures/cifar10-tvh.pdf  used on input line 84.
(pdftex.def)             Requested size: 158.99156pt x 76.59555pt.
<figures/bedroom-tvh.pdf, id=430, 354.35454pt x 170.35834pt>
File: figures/bedroom-tvh.pdf Graphic file (type pdf)
<use figures/bedroom-tvh.pdf>
Package pdftex.def Info: figures/bedroom-tvh.pdf  used on input line 89.
(pdftex.def)             Requested size: 158.99156pt x 76.43698pt.
<figures/cifar10-consistency.pdf, id=433, 1437.83255pt x 350.3752pt>
File: figures/cifar10-consistency.pdf Graphic file (type pdf)
<use figures/cifar10-consistency.pdf>
Package pdftex.def Info: figures/cifar10-consistency.pdf  used on input line 103.
(pdftex.def)             Requested size: 377.60951pt x 92.01495pt.
<figures/bedroom-consistency.pdf, id=434, 1437.0752pt x 236.80978pt>
File: figures/bedroom-consistency.pdf Graphic file (type pdf)
<use figures/bedroom-consistency.pdf>
Package pdftex.def Info: figures/bedroom-consistency.pdf  used on input line 108.
(pdftex.def)             Requested size: 393.51231pt x 64.84283pt.
<figures/church-consistency.pdf, id=435, 1437.0752pt x 236.80978pt>
File: figures/church-consistency.pdf Graphic file (type pdf)
<use figures/church-consistency.pdf>
Package pdftex.def Info: figures/church-consistency.pdf  used on input line 113.
(pdftex.def)             Requested size: 393.51231pt x 64.84283pt.
[7 <./figures/cifar10-dim10.pdf> <./figures/cifar10-dim100.pdf

pdfTeX warning: pdflatex.exe (file ./figures/cifar10-dim100.pdf): PDF inclusion: multiple pdfs with page group included in a single page
> <./figures/celeba-dim10.pdf

pdfTeX warning: pdflatex.exe (file ./figures/celeba-dim10.pdf): PDF inclusion: multiple pdfs with page group included in a single page
> <./figures/celeba-dim100.pdf

pdfTeX warning: pdflatex.exe (file ./figures/celeba-dim100.pdf): PDF inclusion: multiple pdfs with page group included in a single page
>]
<figures/celeba-interp-line.png, id=553, 653.44125pt x 66.2475pt>
File: figures/celeba-interp-line.png Graphic file (type png)
<use figures/celeba-interp-line.png>
Package pdftex.def Info: figures/celeba-interp-line.png  used on input line 123.
(pdftex.def)             Requested size: 397.48499pt x 40.29768pt.
<figures/bedroom-interp-line.png, id=554, 1830.84pt x 264.99pt>
File: figures/bedroom-interp-line.png Graphic file (type png)
<use figures/bedroom-interp-line.png>
Package pdftex.def Info: figures/bedroom-interp-line.png  used on input line 128.
(pdftex.def)             Requested size: 397.48499pt x 57.52972pt.
<figures/church-interp-line.png, id=555, 1830.84pt x 264.99pt>
File: figures/church-interp-line.png Graphic file (type png)
<use figures/church-interp-line.png>
Package pdftex.def Info: figures/church-interp-line.png  used on input line 133.
(pdftex.def)             Requested size: 397.48499pt x 57.52972pt.
 [8 <./figures/cifar10-tvh.pdf> <./figures/bedroom-tvh.pdf

pdfTeX warning: pdflatex.exe (file ./figures/bedroom-tvh.pdf): PDF inclusion: multiple pdfs with page group included in a single page
> <./figures/cifar10-consistency.pdf

pdfTeX warning: pdflatex.exe (file ./figures/cifar10-consistency.pdf): PDF inclusion: multiple pdfs with page group included in a single page
> <./figures/bedroom-consistency.pdf

pdfTeX warning: pdflatex.exe (file ./figures/bedroom-consistency.pdf): PDF inclusion: multiple pdfs with page group included in a single page
> <./figures/church-consistency.pdf

pdfTeX warning: pdflatex.exe (file ./figures/church-consistency.pdf): PDF inclusion: multiple pdfs with page group included in a single page
> <./figures/celeba-interp-line.png (PNG copy)> <./figures/bedroom-interp-line.png (PNG copy)> <./figures/church-interp-line.png (PNG copy)>]) (./sections/5_related.tex) (./sections/6_discussion.tex [9]) (./main.bbl [10]
Underfull \hbox (badness 2293) in paragraph at lines 117--122
[]\OT1/ptm/m/n/10 Alexia Jolicoeur-Martineau, R[]emi Pich[]e-Taillefer, R[]emi Ta-chet des Combes, and Ioan-nis
 []


Underfull \hbox (badness 1009) in paragraph at lines 145--148
[]\OT1/ptm/m/n/10 Diederik P Kingma and Max Welling.  Auto-Encoding vari-a-tional bayes.  \OT1/ptm/m/it/10 arXiv preprint
 []

[11]
Underfull \hbox (badness 3942) in paragraph at lines 262--265
[]\OT1/ptm/m/n/10 Sergey Zagoruyko and Nikos Ko-modakis.  Wide resid-ual net-works.  \OT1/ptm/m/it/10 arXiv preprint
 []

) (./sections/9_appendix.tex [12]
Package hyperref Info: bookmark level for unknown lemma defaults to 0 on input line 46.
 [13] [14] [15] [16] [17]
LaTeX Font Info:    Trying to load font information for TS1+ptm on input line 292.
 (c:/texlive/2023/texmf-dist/tex/latex/psnfss/ts1ptm.fd
File: ts1ptm.fd 2001/06/04 font definitions for TS1/ptm.
)
Overfull \hbox (1.34642pt too wide) detected at line 303
[]
 []

[18]
<figures/cifar10-samples-uniform-1000-ddpm.pdf, id=922, 574.54652pt x 121.13829pt>
File: figures/cifar10-samples-uniform-1000-ddpm.pdf Graphic file (type pdf)
<use figures/cifar10-samples-uniform-1000-ddpm.pdf>
Package pdftex.def Info: figures/cifar10-samples-uniform-1000-ddpm.pdf  used on input line 325.
(pdftex.def)             Requested size: 317.9892pt x 67.04585pt.
<figures/cifar10-samples-pt-1000-ddim.pdf, id=923, 574.54652pt x 121.13829pt>
File: figures/cifar10-samples-pt-1000-ddim.pdf Graphic file (type pdf)
<use figures/cifar10-samples-pt-1000-ddim.pdf>
Package pdftex.def Info: figures/cifar10-samples-pt-1000-ddim.pdf  used on input line 330.
(pdftex.def)             Requested size: 317.9892pt x 67.04585pt.
<figures/cifar10-samples-quad-100-ddim.pdf, id=924, 574.54652pt x 121.13829pt>
File: figures/cifar10-samples-quad-100-ddim.pdf Graphic file (type pdf)
<use figures/cifar10-samples-quad-100-ddim.pdf>
Package pdftex.def Info: figures/cifar10-samples-quad-100-ddim.pdf  used on input line 335.
(pdftex.def)             Requested size: 317.9892pt x 67.04585pt.
<figures/celeba-samples-uniform-1000-ddpm.pdf, id=925, 574.54652pt x 108.97842pt>
File: figures/celeba-samples-uniform-1000-ddpm.pdf Graphic file (type pdf)
<use figures/celeba-samples-uniform-1000-ddpm.pdf>
Package pdftex.def Info: figures/celeba-samples-uniform-1000-ddpm.pdf  used on input line 345.
(pdftex.def)             Requested size: 317.9892pt x 60.31578pt.
<figures/celeba-samples-uniform-1000-ddim.pdf, id=926, 574.54652pt x 108.97842pt>
File: figures/celeba-samples-uniform-1000-ddim.pdf Graphic file (type pdf)
<use figures/celeba-samples-uniform-1000-ddim.pdf>
Package pdftex.def Info: figures/celeba-samples-uniform-1000-ddim.pdf  used on input line 350.
(pdftex.def)             Requested size: 317.9892pt x 60.31578pt.
<figures/celeba-samples-uniform-100-ddim.pdf, id=927, 574.54652pt x 108.97842pt>
File: figures/celeba-samples-uniform-100-ddim.pdf Graphic file (type pdf)
<use figures/celeba-samples-uniform-100-ddim.pdf>
Package pdftex.def Info: figures/celeba-samples-uniform-100-ddim.pdf  used on input line 355.
(pdftex.def)             Requested size: 317.9892pt x 60.31578pt.
<figures/celeba-consistency.pdf, id=928, 1436.96541pt x 340.13414pt>
File: figures/celeba-consistency.pdf Graphic file (type pdf)
<use figures/celeba-consistency.pdf>
Package pdftex.def Info: figures/celeba-consistency.pdf  used on input line 363.
(pdftex.def)             Requested size: 397.48499pt x 94.08472pt.
<figures/church-samples-uniform-100-ddpm.pdf, id=929, 574.54652pt x 224.82756pt>
File: figures/church-samples-uniform-100-ddpm.pdf Graphic file (type pdf)
<use figures/church-samples-uniform-100-ddpm.pdf>
Package pdftex.def Info: figures/church-samples-uniform-100-ddpm.pdf  used on input line 372.
(pdftex.def)             Requested size: 317.9892pt x 124.43428pt.
<figures/church-samples-uniform-100-ddim.pdf, id=930, 574.54652pt x 224.82756pt>
File: figures/church-samples-uniform-100-ddim.pdf Graphic file (type pdf)
<use figures/church-samples-uniform-100-ddim.pdf>
Package pdftex.def Info: figures/church-samples-uniform-100-ddim.pdf  used on input line 377.
(pdftex.def)             Requested size: 317.9892pt x 124.43428pt.
<figures/celeba-interp-grid.png, id=936, 522.95375pt x 522.95375pt>
File: figures/celeba-interp-grid.png Graphic file (type png)
<use figures/celeba-interp-grid.png>
Package pdftex.def Info: figures/celeba-interp-grid.png  used on input line 397.
(pdftex.def)             Requested size: 238.49341pt x 238.49492pt.
<figures/bedroom-interp-grid.png, id=937, 1290.8225pt x 1290.8225pt>
File: figures/bedroom-interp-grid.png Graphic file (type png)
<use figures/bedroom-interp-grid.png>
Package pdftex.def Info: figures/bedroom-interp-grid.png  used on input line 404.
(pdftex.def)             Requested size: 238.49341pt x 238.48328pt.
<figures/church-interp-grid.png, id=938, 1290.8225pt x 1290.8225pt>
File: figures/church-interp-grid.png Graphic file (type png)
<use figures/church-interp-grid.png>
Package pdftex.def Info: figures/church-interp-grid.png  used on input line 411.
(pdftex.def)             Requested size: 238.49341pt x 238.48328pt.
) [19 <./figures/cifar10-samples-uniform-1000-ddpm.pdf> <./figures/cifar10-samples-pt-1000-ddim.pdf

pdfTeX warning: pdflatex.exe (file ./figures/cifar10-samples-pt-1000-ddim.pdf): PDF inclusion: multiple pdfs with page group included in a single page
> <./figures/cifar10-samples-quad-100-ddim.pdf

pdfTeX warning: pdflatex.exe (file ./figures/cifar10-samples-quad-100-ddim.pdf): PDF inclusion: multiple pdfs with page group included in a single page
>] [20 <./figures/celeba-samples-uniform-1000-ddpm.pdf> <./figures/celeba-samples-uniform-1000-ddim.pdf

pdfTeX warning: pdflatex.exe (file ./figures/celeba-samples-uniform-1000-ddim.pdf): PDF inclusion: multiple pdfs with page group included in a single page
> <./figures/celeba-samples-uniform-100-ddim.pdf

pdfTeX warning: pdflatex.exe (file ./figures/celeba-samples-uniform-100-ddim.pdf): PDF inclusion: multiple pdfs with page group included in a single page
> <./figures/celeba-consistency.pdf

pdfTeX warning: pdflatex.exe (file ./figures/celeba-consistency.pdf): PDF inclusion: multiple pdfs with page group included in a single page
> <./figures/church-samples-uniform-100-ddpm.pdf

pdfTeX warning: pdflatex.exe (file ./figures/church-samples-uniform-100-ddpm.pdf): PDF inclusion: multiple pdfs with page group included in a single page
> <./figures/church-samples-uniform-100-ddim.pdf

pdfTeX warning: pdflatex.exe (file ./figures/church-samples-uniform-100-ddim.pdf): PDF inclusion: multiple pdfs with page group included in a single page
>] [21 <./figures/celeba-interp-grid.png (PNG copy)> <./figures/bedroom-interp-grid.png (PNG copy)>] [22 <./figures/church-interp-grid.png (PNG copy)>] (./main.aux)
Package rerunfilecheck Info: File `main.out' has not changed.
(rerunfilecheck)             Checksum: EE466D232D60915C6A031459528EC93D;5605.
 ) 
Here is how much of TeX's memory you used:
 16591 strings out of 476017
 264325 string characters out of 5793767
 1881660 words of memory out of 5000000
 36505 multiletter control sequences out of 15000+600000
 543644 words of font info for 99 fonts, out of 8000000 for 9000
 1141 hyphenation exceptions out of 8191
 77i,17n,79p,1216b,617s stack positions out of 10000i,1000n,20000p,200000b,200000s
<c:/texlive/2023/texmf-dist/fonts/type1/public/amsfonts/cm/cmbx10.pfb><c:/texlive/2023/texmf-dist/fonts/type1/public/amsfonts/cm/cmbx7.pfb><c:/texlive/2023/texmf-dist/fonts/type1/public/amsfonts/cm/cmex10.pfb><c:/texlive/2023/texmf-dist/fonts/type1/public/amsfonts/cm/cmmi10.pfb><c:/texlive/2023/texmf-dist/fonts/type1/public/amsfonts/cm/cmmi5.pfb><c:/texlive/2023/texmf-dist/fonts/type1/public/amsfonts/cm/cmmi6.pfb><c:/texlive/2023/texmf-dist/fonts/type1/public/amsfonts/cm/cmmi7.pfb><c:/texlive/2023/texmf-dist/fonts/type1/public/amsfonts/cm/cmmi9.pfb><c:/texlive/2023/texmf-dist/fonts/type1/public/amsfonts/cm/cmmib10.pfb><c:/texlive/2023/texmf-dist/fonts/type1/public/amsfonts/cmextra/cmmib7.pfb><c:/texlive/2023/texmf-dist/fonts/type1/public/amsfonts/cmextra/cmmib9.pfb><c:/texlive/2023/texmf-dist/fonts/type1/public/amsfonts/cm/cmr10.pfb><c:/texlive/2023/texmf-dist/fonts/type1/public/amsfonts/cm/cmr5.pfb><c:/texlive/2023/texmf-dist/fonts/type1/public/amsfonts/cm/cmr6.pfb><c:/texlive/2023/texmf-dist/fonts/type1/public/amsfonts/cm/cmr7.pfb><c:/texlive/2023/texmf-dist/fonts/type1/public/amsfonts/cm/cmsy10.pfb><c:/texlive/2023/texmf-dist/fonts/type1/public/amsfonts/cm/cmsy5.pfb><c:/texlive/2023/texmf-dist/fonts/type1/public/amsfonts/cm/cmsy7.pfb><c:/texlive/2023/texmf-dist/fonts/type1/public/amsfonts/symbols/msbm10.pfb><c:/texlive/2023/texmf-dist/fonts/type1/urw/courier/ucrr8a.pfb><c:/texlive/2023/texmf-dist/fonts/type1/urw/times/utmb8a.pfb><c:/texlive/2023/texmf-dist/fonts/type1/urw/times/utmr8a.pfb><c:/texlive/2023/texmf-dist/fonts/type1/urw/times/utmri8a.pfb><c:/texlive/2023/texmf-dist/fonts/type1/public/tipa/xipa10.pfb>
Output written on main.pdf (22 pages, 10722034 bytes).
PDF statistics:
 1154 PDF objects out of 1200 (max. 8388607)
 825 compressed objects within 9 object streams
 197 named destinations out of 1000 (max. 500000)
 352 words of extra memory for PDF output out of 10000 (max. 10000000)

