This is pdfTeX, Version 3.141592653-2.6-1.40.25 (TeX Live 2023) (preloaded format=pdflatex 2023.4.1)  1 APR 2023 11:47
entering extended mode
 restricted \write18 enabled.
 file:line:error style messages enabled.
 %&-line parsing enabled.
**c:/Users/EXCAE/DataspellProjects/HaowenGuan.github.io/My-Latex-Files/Constant-MTT/main.tex
(c:/Users/EXCAE/DataspellProjects/HaowenGuan.github.io/My-Latex-Files/Constant-MTT/main.tex
LaTeX2e <2022-11-01> patch level 1
L3 programming layer <2023-03-30> (c:/texlive/2023/texmf-dist/tex/latex/base/article.cls
Document Class: article 2022/07/02 v1.4n Standard LaTeX document class
(c:/texlive/2023/texmf-dist/tex/latex/base/size10.clo
File: size10.clo 2022/07/02 v1.4n Standard LaTeX file (size option)
)
\c@part=\count185
\c@section=\count186
\c@subsection=\count187
\c@subsubsection=\count188
\c@paragraph=\count189
\c@subparagraph=\count190
\c@figure=\count191
\c@table=\count192
\abovecaptionskip=\skip48
\belowcaptionskip=\skip49
\bibindent=\dimen140
) (./cvpr.sty
Package: cvpr 2021/08/23 Example LaTex class for IEEE CVPR
 (c:/texlive/2023/texmf-dist/tex/latex/psnfss/times.sty
Package: times 2020/03/25 PSNFSS-v9.3 (SPQR) 
) (c:/texlive/2023/texmf-dist/tex/latex/cite/cite.sty
LaTeX Info: Redefining \cite on input line 302.
LaTeX Info: Redefining \nocite on input line 332.
Package: cite 2015/02/27  v 5.5
) (c:/texlive/2023/texmf-dist/tex/latex/tools/xspace.sty
Package: xspace 2014/10/28 v1.13 Space after command names (DPC,MH)
) (c:/texlive/2023/texmf-dist/tex/latex/silence/silence.sty
Package: silence 2012/07/02 v1.5b Selective filtering of warnings and error messages
\sl@Save=\count193
\sl@StateNumber=\count194
\sl@MessageCount=\count195
\sl@Casualties=\count196
\sl@Filter=\toks16
\sl@Message=\toks17
\sl@UnexpandedMessage=\toks18
\sl@Mess@ge=\toks19
\sl@WarningCount=\count197
\sl@WarningNumber=\count198
\sl@WarningCasualties=\count199
\sl@TempBOW=\toks20
\sl@BankOfWarnings=\toks21
LaTeX Info: Redefining \GenericWarning on input line 433.
\sl@ErrorCount=\count266
\sl@ErrorNumber=\count267
\sl@ErrorCasualties=\count268
\sl@TempBOE=\toks22
\sl@BankOfErrors=\toks23
LaTeX Info: Redefining \GenericError on input line 601.
) (c:/texlive/2023/texmf-dist/tex/latex/etoolbox/etoolbox.sty
Package: etoolbox 2020/10/05 v2.5k e-TeX tools for LaTeX (JAW)
\etb@tempcnta=\count269
) (c:/texlive/2023/texmf-dist/tex/latex/caption/caption.sty
Package: caption 2023/03/12 v3.6j Customizing captions (AR)
 (c:/texlive/2023/texmf-dist/tex/latex/caption/caption3.sty
Package: caption3 2023/03/12 v2.4 caption3 kernel (AR)
 (c:/texlive/2023/texmf-dist/tex/latex/graphics/keyval.sty
Package: keyval 2022/05/29 v1.15 key=value parser (DPC)
\KV@toks@=\toks24
)
\caption@tempdima=\dimen141
\captionmargin=\dimen142
\caption@leftmargin=\dimen143
\caption@rightmargin=\dimen144
\caption@width=\dimen145
\caption@indent=\dimen146
\caption@parindent=\dimen147
\caption@hangindent=\dimen148
Package caption Info: Standard document class detected.
)
\c@caption@flags=\count270
\c@continuedfloat=\count271
) (c:/texlive/2023/texmf-dist/tex/latex/caption/subcaption.sty
Package: subcaption 2023/02/19 v1.6 Sub-captions (AR)
Package caption Info: New subtype `subfigure' on input line 239.
\c@subfigure=\count272
Package caption Info: New subtype `subtable' on input line 239.
\c@subtable=\count273
) (c:/texlive/2023/texmf-dist/tex/latex/url/url.sty
\Urlmuskip=\muskip16
Package: url 2013/09/16  ver 3.4  Verb mode for urls, etc.
)
CVPR 8.5 x 11-Inch Proceedings Style `cvpr.sty'.
\cvprrulerbox=\box51
\cvprrulercount=\count274
\cvprruleroffset=\dimen149
\cv@lineheight=\dimen150
\cv@boxheight=\dimen151
\cv@tmpbox=\box52
\cv@refno=\count275
\cv@tot=\count276
\cv@tmpc@=\count277
\cv@tmpc=\count278
) (c:/texlive/2023/texmf-dist/tex/latex/graphics/graphicx.sty
Package: graphicx 2021/09/16 v1.2d Enhanced LaTeX Graphics (DPC,SPQR)
 (c:/texlive/2023/texmf-dist/tex/latex/graphics/graphics.sty
Package: graphics 2022/03/10 v1.4e Standard LaTeX Graphics (DPC,SPQR)
 (c:/texlive/2023/texmf-dist/tex/latex/graphics/trig.sty
Package: trig 2021/08/11 v1.11 sin cos tan (DPC)
) (c:/texlive/2023/texmf-dist/tex/latex/graphics-cfg/graphics.cfg
File: graphics.cfg 2016/06/04 v1.11 sample graphics configuration
)
Package graphics Info: Driver file: pdftex.def on input line 107.
 (c:/texlive/2023/texmf-dist/tex/latex/graphics-def/pdftex.def
File: pdftex.def 2022/09/22 v1.2b Graphics/color driver for pdftex
))
\Gin@req@height=\dimen152
\Gin@req@width=\dimen153
) (c:/texlive/2023/texmf-dist/tex/latex/amsmath/amsmath.sty
Package: amsmath 2022/04/08 v2.17n AMS math features
\@mathmargin=\skip50

For additional information on amsmath, use the `?' option.
(c:/texlive/2023/texmf-dist/tex/latex/amsmath/amstext.sty
Package: amstext 2021/08/26 v2.01 AMS text
 (c:/texlive/2023/texmf-dist/tex/latex/amsmath/amsgen.sty
File: amsgen.sty 1999/11/30 v2.0 generic functions
\@emptytoks=\toks25
\ex@=\dimen154
)) (c:/texlive/2023/texmf-dist/tex/latex/amsmath/amsbsy.sty
Package: amsbsy 1999/11/29 v1.2d Bold Symbols
\pmbraise@=\dimen155
) (c:/texlive/2023/texmf-dist/tex/latex/amsmath/amsopn.sty
Package: amsopn 2022/04/08 v2.04 operator names
)
\inf@bad=\count279
LaTeX Info: Redefining \frac on input line 234.
\uproot@=\count280
\leftroot@=\count281
LaTeX Info: Redefining \overline on input line 399.
LaTeX Info: Redefining \colon on input line 410.
\classnum@=\count282
\DOTSCASE@=\count283
LaTeX Info: Redefining \ldots on input line 496.
LaTeX Info: Redefining \dots on input line 499.
LaTeX Info: Redefining \cdots on input line 620.
\Mathstrutbox@=\box53
\strutbox@=\box54
LaTeX Info: Redefining \big on input line 722.
LaTeX Info: Redefining \Big on input line 723.
LaTeX Info: Redefining \bigg on input line 724.
LaTeX Info: Redefining \Bigg on input line 725.
\big@size=\dimen156
LaTeX Font Info:    Redeclaring font encoding OML on input line 743.
LaTeX Font Info:    Redeclaring font encoding OMS on input line 744.
\macc@depth=\count284
LaTeX Info: Redefining \bmod on input line 905.
LaTeX Info: Redefining \pmod on input line 910.
LaTeX Info: Redefining \smash on input line 940.
LaTeX Info: Redefining \relbar on input line 970.
LaTeX Info: Redefining \Relbar on input line 971.
\c@MaxMatrixCols=\count285
\dotsspace@=\muskip17
\c@parentequation=\count286
\dspbrk@lvl=\count287
\tag@help=\toks26
\row@=\count288
\column@=\count289
\maxfields@=\count290
\andhelp@=\toks27
\eqnshift@=\dimen157
\alignsep@=\dimen158
\tagshift@=\dimen159
\tagwidth@=\dimen160
\totwidth@=\dimen161
\lineht@=\dimen162
\@envbody=\toks28
\multlinegap=\skip51
\multlinetaggap=\skip52
\mathdisplay@stack=\toks29
LaTeX Info: Redefining \[ on input line 2953.
LaTeX Info: Redefining \] on input line 2954.
) (c:/texlive/2023/texmf-dist/tex/latex/amsfonts/amssymb.sty
Package: amssymb 2013/01/14 v3.01 AMS font symbols
 (c:/texlive/2023/texmf-dist/tex/latex/amsfonts/amsfonts.sty
Package: amsfonts 2013/01/14 v3.01 Basic AMSFonts support
\symAMSa=\mathgroup4
\symAMSb=\mathgroup5
LaTeX Font Info:    Redeclaring math symbol \hbar on input line 98.
LaTeX Font Info:    Overwriting math alphabet `\mathfrak' in version `bold'
(Font)                  U/euf/m/n --> U/euf/b/n on input line 106.
)) (c:/texlive/2023/texmf-dist/tex/latex/booktabs/booktabs.sty
Package: booktabs 2020/01/12 v1.61803398 Publication quality tables
\heavyrulewidth=\dimen163
\lightrulewidth=\dimen164
\cmidrulewidth=\dimen165
\belowrulesep=\dimen166
\belowbottomsep=\dimen167
\aboverulesep=\dimen168
\abovetopsep=\dimen169
\cmidrulesep=\dimen170
\cmidrulekern=\dimen171
\defaultaddspace=\dimen172
\@cmidla=\count291
\@cmidlb=\count292
\@aboverulesep=\dimen173
\@belowrulesep=\dimen174
\@thisruleclass=\count293
\@lastruleclass=\count294
\@thisrulewidth=\dimen175
) (c:/texlive/2023/texmf-dist/tex/latex/algorithms/algorithm.sty
Package: algorithm 2009/08/24 v0.1 Document Style `algorithm' - floating environment
 (c:/texlive/2023/texmf-dist/tex/latex/float/float.sty
Package: float 2001/11/08 v1.3d Float enhancements (AL)
\c@float@type=\count295
\float@exts=\toks30
\float@box=\box55
\@float@everytoks=\toks31
\@floatcapt=\box56
) (c:/texlive/2023/texmf-dist/tex/latex/base/ifthen.sty
Package: ifthen 2022/04/13 v1.1d Standard LaTeX ifthen package (DPC)
)
\@float@every@algorithm=\toks32
\c@algorithm=\count296
) (c:/texlive/2023/texmf-dist/tex/latex/algorithmicx/algpseudocode.sty
Package: algpseudocode 
 (c:/texlive/2023/texmf-dist/tex/latex/algorithmicx/algorithmicx.sty
Package: algorithmicx 2005/04/27 v1.2 Algorithmicx

Document Style algorithmicx 1.2 - a greatly improved `algorithmic' style
\c@ALG@line=\count297
\c@ALG@rem=\count298
\c@ALG@nested=\count299
\ALG@tlm=\skip53
\ALG@thistlm=\skip54
\c@ALG@Lnr=\count300
\c@ALG@blocknr=\count301
\c@ALG@storecount=\count302
\c@ALG@tmpcounter=\count303
\ALG@tmplength=\skip55
)
Document Style - pseudocode environments for use with the `algorithmicx' style
) (c:/texlive/2023/texmf-dist/tex/latex/multirow/multirow.sty
Package: multirow 2021/03/15 v2.8 Span multiple rows of a table
\multirow@colwidth=\skip56
\multirow@cntb=\count304
\multirow@dima=\skip57
\bigstrutjot=\dimen176
) (c:/texlive/2023/texmf-dist/tex/latex/threeparttable/threeparttable.sty
Package: threeparttable 2003/06/13  v 3.0
\@tempboxb=\box57
) (c:/texlive/2023/texmf-dist/tex/latex/bbm-macros/bbm.sty
Package: bbm 1999/03/15 V 1.2 provides fonts for set symbols - TH
LaTeX Font Info:    Overwriting math alphabet `\mathbbm' in version `bold'
(Font)                  U/bbm/m/n --> U/bbm/bx/n on input line 33.
LaTeX Font Info:    Overwriting math alphabet `\mathbbmss' in version `bold'
(Font)                  U/bbmss/m/n --> U/bbmss/bx/n on input line 35.
) (c:/texlive/2023/texmf-dist/tex/latex/wrapfig/wrapfig.sty
\wrapoverhang=\dimen177
\WF@size=\dimen178
\c@WF@wrappedlines=\count305
\WF@box=\box58
\WF@everypar=\toks33
Package: wrapfig 2003/01/31  v 3.6
) (c:/texlive/2023/texmf-dist/tex/latex/hyperref/hyperref.sty
Package: hyperref 2023-02-07 v7.00v Hypertext links for LaTeX
 (c:/texlive/2023/texmf-dist/tex/generic/ltxcmds/ltxcmds.sty
Package: ltxcmds 2020-05-10 v1.25 LaTeX kernel commands for general use (HO)
) (c:/texlive/2023/texmf-dist/tex/generic/iftex/iftex.sty
Package: iftex 2022/02/03 v1.0f TeX engine tests
) (c:/texlive/2023/texmf-dist/tex/generic/pdftexcmds/pdftexcmds.sty
Package: pdftexcmds 2020-06-27 v0.33 Utility functions of pdfTeX for LuaTeX (HO)
 (c:/texlive/2023/texmf-dist/tex/generic/infwarerr/infwarerr.sty
Package: infwarerr 2019/12/03 v1.5 Providing info/warning/error messages (HO)
)
Package pdftexcmds Info: \pdf@primitive is available.
Package pdftexcmds Info: \pdf@ifprimitive is available.
Package pdftexcmds Info: \pdfdraftmode found.
) (c:/texlive/2023/texmf-dist/tex/latex/kvsetkeys/kvsetkeys.sty
Package: kvsetkeys 2022-10-05 v1.19 Key value parser (HO)
) (c:/texlive/2023/texmf-dist/tex/generic/kvdefinekeys/kvdefinekeys.sty
Package: kvdefinekeys 2019-12-19 v1.6 Define keys (HO)
) (c:/texlive/2023/texmf-dist/tex/generic/pdfescape/pdfescape.sty
Package: pdfescape 2019/12/09 v1.15 Implements pdfTeX's escape features (HO)
) (c:/texlive/2023/texmf-dist/tex/latex/hycolor/hycolor.sty
Package: hycolor 2020-01-27 v1.10 Color options for hyperref/bookmark (HO)
) (c:/texlive/2023/texmf-dist/tex/latex/letltxmacro/letltxmacro.sty
Package: letltxmacro 2019/12/03 v1.6 Let assignment for LaTeX macros (HO)
) (c:/texlive/2023/texmf-dist/tex/latex/auxhook/auxhook.sty
Package: auxhook 2019-12-17 v1.6 Hooks for auxiliary files (HO)
) (c:/texlive/2023/texmf-dist/tex/latex/hyperref/nameref.sty
Package: nameref 2022-05-17 v2.50 Cross-referencing by name of section
 (c:/texlive/2023/texmf-dist/tex/latex/refcount/refcount.sty
Package: refcount 2019/12/15 v3.6 Data extraction from label references (HO)
) (c:/texlive/2023/texmf-dist/tex/generic/gettitlestring/gettitlestring.sty
Package: gettitlestring 2019/12/15 v1.6 Cleanup title references (HO)
 (c:/texlive/2023/texmf-dist/tex/latex/kvoptions/kvoptions.sty
Package: kvoptions 2022-06-15 v3.15 Key value format for package options (HO)
))
\c@section@level=\count306
)
\@linkdim=\dimen179
\Hy@linkcounter=\count307
\Hy@pagecounter=\count308
 (c:/texlive/2023/texmf-dist/tex/latex/hyperref/pd1enc.def
File: pd1enc.def 2023-02-07 v7.00v Hyperref: PDFDocEncoding definition (HO)
Now handling font encoding PD1 ...
... no UTF-8 mapping file for font encoding PD1
) (c:/texlive/2023/texmf-dist/tex/generic/intcalc/intcalc.sty
Package: intcalc 2019/12/15 v1.3 Expandable calculations with integers (HO)
) (c:/texlive/2023/texmf-dist/tex/generic/etexcmds/etexcmds.sty
Package: etexcmds 2019/12/15 v1.7 Avoid name clashes with e-TeX commands (HO)
)
\Hy@SavedSpaceFactor=\count309
 (c:/texlive/2023/texmf-dist/tex/latex/hyperref/puenc.def
File: puenc.def 2023-02-07 v7.00v Hyperref: PDF Unicode definition (HO)
Now handling font encoding PU ...
... no UTF-8 mapping file for font encoding PU
)
Package hyperref Info: Option `breaklinks' set `true' on input line 4060.
Package hyperref Info: Option `colorlinks' set `true' on input line 4060.
Package hyperref Info: Hyper figures OFF on input line 4177.
Package hyperref Info: Link nesting OFF on input line 4182.
Package hyperref Info: Hyper index ON on input line 4185.
Package hyperref Info: Plain pages OFF on input line 4192.
Package hyperref Info: Backreferencing ON on input line 4195.
Package hyperref Info: Implicit mode ON; LaTeX internals redefined.
Package hyperref Info: Bookmarks ON on input line 4425.
 (c:/texlive/2023/texmf-dist/tex/latex/hyperref/backref.sty
Package: backref 2021/02/04 v1.41 Bibliographical back referencing
 (c:/texlive/2023/texmf-dist/tex/latex/rerunfilecheck/rerunfilecheck.sty
Package: rerunfilecheck 2022-07-10 v1.10 Rerun checks for auxiliary files (HO)
 (c:/texlive/2023/texmf-dist/tex/latex/base/atveryend-ltx.sty
Package: atveryend-ltx 2020/08/19 v1.0a Emulation of the original atveryend package
with kernel methods
) (c:/texlive/2023/texmf-dist/tex/generic/uniquecounter/uniquecounter.sty
Package: uniquecounter 2019/12/15 v1.4 Provide unlimited unique counter (HO)
 (c:/texlive/2023/texmf-dist/tex/generic/bigintcalc/bigintcalc.sty
Package: bigintcalc 2019/12/15 v1.5 Expandable calculations on big integers (HO)
))
Package uniquecounter Info: New unique counter `rerunfilecheck' on input line 285.
))
\c@Hy@tempcnt=\count310
LaTeX Info: Redefining \url on input line 4763.
\XeTeXLinkMargin=\dimen180
 (c:/texlive/2023/texmf-dist/tex/generic/bitset/bitset.sty
Package: bitset 2019/12/09 v1.3 Handle bit-vector datatype (HO)
)
\Fld@menulength=\count311
\Field@Width=\dimen181
\Fld@charsize=\dimen182
Package hyperref Info: Hyper figures OFF on input line 6042.
Package hyperref Info: Link nesting OFF on input line 6047.
Package hyperref Info: Hyper index ON on input line 6050.
Package hyperref Info: backreferencing ON on input line 6055.
Package hyperref Info: Link coloring ON on input line 6060.
Package hyperref Info: Link coloring with OCG OFF on input line 6067.
Package hyperref Info: PDF/A mode OFF on input line 6072.
 (c:/texlive/2023/texmf-dist/tex/latex/base/atbegshi-ltx.sty
Package: atbegshi-ltx 2021/01/10 v1.0c Emulation of the original atbegshi
package with kernel methods
)
\Hy@abspage=\count312
\c@Item=\count313
\c@Hfootnote=\count314
)
Package hyperref Info: Driver (autodetected): hpdftex.
 (c:/texlive/2023/texmf-dist/tex/latex/hyperref/hpdftex.def
File: hpdftex.def 2023-02-07 v7.00v Hyperref driver for pdfTeX
\Fld@listcount=\count315
\c@bookmark@seq@number=\count316
\Hy@SectionHShift=\skip58
) (c:/texlive/2023/texmf-dist/tex/latex/cleveref/cleveref.sty
Package: cleveref 2018/03/27 v0.21.4 Intelligent cross-referencing
Package cleveref Info: `hyperref' support loaded on input line 2370.
LaTeX Info: Redefining \cref on input line 2370.
LaTeX Info: Redefining \Cref on input line 2370.
LaTeX Info: Redefining \crefrange on input line 2370.
LaTeX Info: Redefining \Crefrange on input line 2370.
LaTeX Info: Redefining \cpageref on input line 2370.
LaTeX Info: Redefining \Cpageref on input line 2370.
LaTeX Info: Redefining \cpagerefrange on input line 2370.
LaTeX Info: Redefining \Cpagerefrange on input line 2370.
LaTeX Info: Redefining \labelcref on input line 2370.
LaTeX Info: Redefining \labelcpageref on input line 2370.
Package cleveref Info: `algorithmicx' support loaded on input line 3120.
Package cleveref Info: always capitalise cross-reference names on input line 7830.
Package cleveref Info: always capitalise cross-reference names on input line 7852.
)
LaTeX Font Info:    Trying to load font information for OT1+ptm on input line 62.
 (c:/texlive/2023/texmf-dist/tex/latex/psnfss/ot1ptm.fd
File: ot1ptm.fd 2001/06/04 font definitions for OT1/ptm.
) (c:/texlive/2023/texmf-dist/tex/latex/l3backend/l3backend-pdftex.def
File: l3backend-pdftex.def 2023-03-30 L3 backend support: PDF output (pdfTeX)
\l__color_backend_stack_int=\count317
\l__pdf_internal_box=\box59
) (./main.aux)
\openout1 = `main.aux'.

LaTeX Font Info:    Checking defaults for OML/cmm/m/it on input line 62.
LaTeX Font Info:    ... okay on input line 62.
LaTeX Font Info:    Checking defaults for OMS/cmsy/m/n on input line 62.
LaTeX Font Info:    ... okay on input line 62.
LaTeX Font Info:    Checking defaults for OT1/cmr/m/n on input line 62.
LaTeX Font Info:    ... okay on input line 62.
LaTeX Font Info:    Checking defaults for T1/cmr/m/n on input line 62.
LaTeX Font Info:    ... okay on input line 62.
LaTeX Font Info:    Checking defaults for TS1/cmr/m/n on input line 62.
LaTeX Font Info:    ... okay on input line 62.
LaTeX Font Info:    Checking defaults for OMX/cmex/m/n on input line 62.
LaTeX Font Info:    ... okay on input line 62.
LaTeX Font Info:    Checking defaults for U/cmr/m/n on input line 62.
LaTeX Font Info:    ... okay on input line 62.
LaTeX Font Info:    Checking defaults for PD1/pdf/m/n on input line 62.
LaTeX Font Info:    ... okay on input line 62.
LaTeX Font Info:    Checking defaults for PU/pdf/m/n on input line 62.
LaTeX Font Info:    ... okay on input line 62.
Package caption Info: Begin \AtBeginDocument code.
Package caption Info: float package is loaded.
Package caption Info: hyperref package is loaded.
Package caption Info: threeparttable package is loaded.
Package caption Info: wrapfig package is loaded.
Package caption Info: End \AtBeginDocument code.
 ABD: EveryShipout initializing macros (c:/texlive/2023/texmf-dist/tex/latex/graphics/color.sty
Package: color 2022/01/06 v1.3d Standard LaTeX Color (DPC)
 (c:/texlive/2023/texmf-dist/tex/latex/graphics-cfg/color.cfg
File: color.cfg 2016/01/02 v1.6 sample color configuration
)
Package color Info: Driver file: pdftex.def on input line 149.
 (c:/texlive/2023/texmf-dist/tex/latex/graphics/mathcolor.ltx)) (c:/texlive/2023/texmf-dist/tex/latex/eepic/epic.sty
Enhancements to Picture Environment. Version 1.2 - Released June 1, 1986
\@@multicnt=\count318
\d@lta=\count319
\@delta=\dimen183
\@@delta=\dimen184
\@gridcnt=\count320
\@joinkind=\count321
\@dotgap=\dimen185
\@ddotgap=\dimen186
\@x@diff=\count322
\@y@diff=\count323
\x@diff=\dimen187
\y@diff=\dimen188
\@dotbox=\box60
\num@segments=\count324
\num@segmentsi=\count325
\@datafile=\read2
) (c:/texlive/2023/texmf-dist/tex/context/base/mkii/supp-pdf.mkii
[Loading MPS to PDF converter (version 2006.09.02).]
\scratchcounter=\count326
\scratchdimen=\dimen189
\scratchbox=\box61
\nofMPsegments=\count327
\nofMParguments=\count328
\everyMPshowfont=\toks34
\MPscratchCnt=\count329
\MPscratchDim=\dimen190
\MPnumerator=\count330
\makeMPintoPDFobject=\count331
\everyMPtoPDFconversion=\toks35
) (c:/texlive/2023/texmf-dist/tex/latex/epstopdf-pkg/epstopdf-base.sty
Package: epstopdf-base 2020-01-24 v2.11 Base part for package epstopdf
Package epstopdf-base Info: Redefining graphics rule for `.eps' on input line 485.
 (c:/texlive/2023/texmf-dist/tex/latex/latexconfig/epstopdf-sys.cfg
File: epstopdf-sys.cfg 2010/07/13 v1.3 Configuration of (r)epstopdf for TeX Live
))
Package hyperref Info: Link coloring ON on input line 62.
 (./main.out) (./main.out)
\@outlinefile=\write3
\openout3 = `main.out'.

LaTeX Font Info:    Trying to load font information for U+msa on input line 78.
 (c:/texlive/2023/texmf-dist/tex/latex/amsfonts/umsa.fd
File: umsa.fd 2013/01/14 v3.01 AMS symbols A
)
LaTeX Font Info:    Trying to load font information for U+msb on input line 78.
 (c:/texlive/2023/texmf-dist/tex/latex/amsfonts/umsb.fd
File: umsb.fd 2013/01/14 v3.01 AMS symbols B
)
LaTeX Font Info:    Trying to load font information for OT1+pcr on input line 78.
 (c:/texlive/2023/texmf-dist/tex/latex/psnfss/ot1pcr.fd
File: ot1pcr.fd 2001/06/04 font definitions for OT1/pcr.
)
LaTeX Font Info:    Trying to load font information for OMS+pcr on input line 78.
 (c:/texlive/2023/texmf-dist/tex/latex/psnfss/omspcr.fd
File: omspcr.fd 
)
LaTeX Font Info:    Font shape `OMS/pcr/m/n' in size <9> not available
(Font)              Font shape `OMS/cmsy/m/n' tried instead on input line 78.
<images/sample_images.png, id=116, 1515.6625pt x 458.71375pt>
File: images/sample_images.png Graphic file (type png)
<use images/sample_images.png>
Package pdftex.def Info: images/sample_images.png  used on input line 83.
(pdftex.def)             Requested size: 472.01192pt x 142.85074pt.
 [1{c:/texlive/2023/texmf-var/fonts/map/pdftex/updmap/pdftex.map}{c:/texlive/2023/texmf-dist/fonts/enc/dvips/base/8r.enc}


]
LaTeX Font Info:    Trying to load font information for TS1+ptm on input line 109.
 (c:/texlive/2023/texmf-dist/tex/latex/psnfss/ts1ptm.fd
File: ts1ptm.fd 2001/06/04 font definitions for TS1/ptm.
) [2 <./images/sample_images.png>] [3]
<images/overview_drawing_new.png, id=231, 1812.7725pt x 587.19376pt>
File: images/overview_drawing_new.png Graphic file (type png)
<use images/overview_drawing_new.png>
Package pdftex.def Info: images/overview_drawing_new.png  used on input line 206.
(pdftex.def)             Requested size: 496.85625pt x 160.9367pt.
LaTeX Font Info:    Trying to load font information for U+bbm on input line 232.
 (c:/texlive/2023/texmf-dist/tex/latex/bbm-macros/ubbm.fd
File: ubbm.fd 1999/03/15 V 1.2 Font definition for bbm font - TH
) [4]
Package hyperref Info: bookmark level for unknown algorithm defaults to 0 on input line 277.
 [5 <./images/overview_drawing_new.png>]
<images/memory_usage.png, id=297, 346.896pt x 245.718pt>
File: images/memory_usage.png Graphic file (type png)
<use images/memory_usage.png>
Package pdftex.def Info: images/memory_usage.png  used on input line 377.
(pdftex.def)             Requested size: 189.70947pt x 134.3767pt.
<images/memory_vs_runtime.png, id=298, 346.896pt x 245.718pt>
File: images/memory_vs_runtime.png Graphic file (type png)
<use images/memory_vs_runtime.png>
Package pdftex.def Info: images/memory_vs_runtime.png  used on input line 382.
(pdftex.def)             Requested size: 189.70947pt x 134.3767pt.
 [6]
<images/soft_hard_label.png, id=348, 382.42876pt x 268.00125pt>
File: images/soft_hard_label.png Graphic file (type png)
<use images/soft_hard_label.png>
Package pdftex.def Info: images/soft_hard_label.png  used on input line 464.
(pdftex.def)             Requested size: 189.70947pt x 132.94522pt.
<images/soft_label_only.png, id=349, 382.42876pt x 268.00125pt>
File: images/soft_label_only.png Graphic file (type png)
<use images/soft_label_only.png>
Package pdftex.def Info: images/soft_label_only.png  used on input line 470.
(pdftex.def)             Requested size: 189.70947pt x 132.94522pt.
 [7 <./images/memory_usage.png> <./images/memory_vs_runtime.png>] (./main.bbl (./main.brf)
\tf@brf=\write4
\openout4 = `main.brf'.

 [8 <./images/soft_hard_label.png> <./images/soft_label_only.png>] [9]) [10

]
<images/overview_drawing.png, id=473, 1558.82375pt x 771.88374pt>
File: images/overview_drawing.png Graphic file (type png)
<use images/overview_drawing.png>
Package pdftex.def Info: images/overview_drawing.png  used on input line 523.
(pdftex.def)             Requested size: 237.13594pt x 117.4147pt.
 [11

 <./images/overview_drawing.png>]
<images/learning_rate.png, id=492, 385.44pt x 264.99pt>
File: images/learning_rate.png Graphic file (type png)
<use images/learning_rate.png>
Package pdftex.def Info: images/learning_rate.png  used on input line 559.
(pdftex.def)             Requested size: 198.73946pt x 136.63109pt.
<images/7.png, id=495, 64.24pt x 64.24pt>
File: images/7.png Graphic file (type png)
<use images/7.png>
Package pdftex.def Info: images/7.png  used on input line 572.
(pdftex.def)             Requested size: 71.1415pt x 71.14746pt.
<images/8.png, id=496, 64.24pt x 64.24pt>
File: images/8.png Graphic file (type png)
<use images/8.png>
Package pdftex.def Info: images/8.png  used on input line 576.
(pdftex.def)             Requested size: 71.1415pt x 71.14746pt.
<images/271.png, id=497, 64.24pt x 64.24pt>
File: images/271.png Graphic file (type png)
<use images/271.png>
Package pdftex.def Info: images/271.png  used on input line 580.
(pdftex.def)             Requested size: 71.1415pt x 71.14746pt.
<images/41.png, id=498, 64.24pt x 64.24pt>
File: images/41.png Graphic file (type png)
<use images/41.png>
Package pdftex.def Info: images/41.png  used on input line 584.
(pdftex.def)             Requested size: 71.1415pt x 71.14746pt.
<images/44.png, id=499, 64.24pt x 64.24pt>
File: images/44.png Graphic file (type png)
<use images/44.png>
Package pdftex.def Info: images/44.png  used on input line 588.
(pdftex.def)             Requested size: 71.1415pt x 71.14746pt.
<images/300.png, id=500, 64.24pt x 64.24pt>
File: images/300.png Graphic file (type png)
<use images/300.png>
Package pdftex.def Info: images/300.png  used on input line 592.
(pdftex.def)             Requested size: 71.1415pt x 71.14746pt.
<images/206.png, id=501, 64.24pt x 64.24pt>
File: images/206.png Graphic file (type png)
<use images/206.png>
Package pdftex.def Info: images/206.png  used on input line 596.
(pdftex.def)             Requested size: 71.1415pt x 71.14746pt.
<images/205.png, id=502, 64.24pt x 64.24pt>
File: images/205.png Graphic file (type png)
<use images/205.png>
Package pdftex.def Info: images/205.png  used on input line 600.
(pdftex.def)             Requested size: 71.1415pt x 71.14746pt.
<images/197.png, id=503, 64.24pt x 64.24pt>
File: images/197.png Graphic file (type png)
<use images/197.png>
Package pdftex.def Info: images/197.png  used on input line 604.
(pdftex.def)             Requested size: 71.1415pt x 71.14746pt.
<images/cock.png, id=504, 402.50375pt x 278.03876pt>
File: images/cock.png Graphic file (type png)
<use images/cock.png>
Package pdftex.def Info: images/cock.png  used on input line 608.
(pdftex.def)             Requested size: 94.85292pt x 65.52153pt.
<images/lizard.png, id=505, 402.50375pt x 278.03876pt>
File: images/lizard.png Graphic file (type png)
<use images/lizard.png>
Package pdftex.def Info: images/lizard.png  used on input line 612.
(pdftex.def)             Requested size: 94.85292pt x 65.52153pt.
<images/retriever.png, id=506, 402.50375pt x 278.03876pt>
File: images/retriever.png Graphic file (type png)
<use images/retriever.png>
Package pdftex.def Info: images/retriever.png  used on input line 616.
(pdftex.def)             Requested size: 94.85292pt x 65.52153pt.
 [12 <./images/learning_rate.png>] [13 <./images/7.png (PNG copy)> <./images/8.png> <./images/271.png (PNG copy)> <./images/41.png (PNG copy)> <./images/44.png (PNG copy)> <./images/300.png (PNG copy)> <./images/206.png (PNG copy)> <./images/205.png (PNG copy)> <./images/197.png (PNG copy)> <./images/cock.png> <./images/lizard.png> <./images/retriever.png>]
<images/appendix/cifar10_ipc10.png, id=527, 1306.8825pt x 1306.8825pt>
File: images/appendix/cifar10_ipc10.png Graphic file (type png)
<use images/appendix/cifar10_ipc10.png>
Package pdftex.def Info: images/appendix/cifar10_ipc10.png  used on input line 718.
(pdftex.def)             Requested size: 496.85625pt x 496.83987pt.
<images/appendix/cifar-100.png, id=528, 1306.8825pt x 1306.8825pt>
File: images/appendix/cifar-100.png Graphic file (type png)
<use images/appendix/cifar-100.png>
Package pdftex.def Info: images/appendix/cifar-100.png  used on input line 723.
(pdftex.def)             Requested size: 496.85625pt x 496.83987pt.
<images/appendix/row-1-column-1.png, id=529, 663.47874pt x 662.475pt>
File: images/appendix/row-1-column-1.png Graphic file (type png)
<use images/appendix/row-1-column-1.png>
Package pdftex.def Info: images/appendix/row-1-column-1.png  used on input line 729.
(pdftex.def)             Requested size: 496.85625pt x 496.107pt.
<images/appendix/row-2-column-1.png, id=530, 663.47874pt x 662.475pt>
File: images/appendix/row-2-column-1.png Graphic file (type png)
<use images/appendix/row-2-column-1.png>
Package pdftex.def Info: images/appendix/row-2-column-1.png  used on input line 734.
(pdftex.def)             Requested size: 496.85625pt x 496.107pt.
<images/appendix/row-3-column-1.png, id=531, 663.47874pt x 663.47874pt>
File: images/appendix/row-3-column-1.png Graphic file (type png)
<use images/appendix/row-3-column-1.png>
Package pdftex.def Info: images/appendix/row-3-column-1.png  used on input line 739.
(pdftex.def)             Requested size: 496.85625pt x 496.85866pt.
<images/appendix/row-4-column-1.png, id=532, 663.47874pt x 662.475pt>
File: images/appendix/row-4-column-1.png Graphic file (type png)
<use images/appendix/row-4-column-1.png>
Package pdftex.def Info: images/appendix/row-4-column-1.png  used on input line 744.
(pdftex.def)             Requested size: 496.85625pt x 496.107pt.
<images/appendix/row-5-column-1.png, id=533, 663.47874pt x 662.475pt>
File: images/appendix/row-5-column-1.png Graphic file (type png)
<use images/appendix/row-5-column-1.png>
Package pdftex.def Info: images/appendix/row-5-column-1.png  used on input line 749.
(pdftex.def)             Requested size: 496.85625pt x 496.107pt.
<images/appendix/row-6-column-1.png, id=534, 663.47874pt x 662.475pt>
File: images/appendix/row-6-column-1.png Graphic file (type png)
<use images/appendix/row-6-column-1.png>
Package pdftex.def Info: images/appendix/row-6-column-1.png  used on input line 754.
(pdftex.def)             Requested size: 496.85625pt x 496.107pt.
<images/appendix/row-7-column-1.png, id=535, 663.47874pt x 662.475pt>
File: images/appendix/row-7-column-1.png Graphic file (type png)
<use images/appendix/row-7-column-1.png>
Package pdftex.def Info: images/appendix/row-7-column-1.png  used on input line 759.
(pdftex.def)             Requested size: 496.85625pt x 496.107pt.
<images/appendix/row-8-column-1.png, id=536, 663.47874pt x 663.47874pt>
File: images/appendix/row-8-column-1.png Graphic file (type png)
<use images/appendix/row-8-column-1.png>
Package pdftex.def Info: images/appendix/row-8-column-1.png  used on input line 764.
(pdftex.def)             Requested size: 496.85625pt x 496.85866pt.
<images/appendix/row-9-column-1.png, id=537, 663.47874pt x 662.475pt>
File: images/appendix/row-9-column-1.png Graphic file (type png)
<use images/appendix/row-9-column-1.png>
Package pdftex.def Info: images/appendix/row-9-column-1.png  used on input line 769.
(pdftex.def)             Requested size: 496.85625pt x 496.107pt.
<images/appendix/row-10-column-1.png, id=538, 663.47874pt x 662.475pt>
File: images/appendix/row-10-column-1.png Graphic file (type png)
<use images/appendix/row-10-column-1.png>
Package pdftex.def Info: images/appendix/row-10-column-1.png  used on input line 774.
(pdftex.def)             Requested size: 496.85625pt x 496.107pt.
 [14 <./images/appendix/cifar10_ipc10.png (PNG copy)>] [15 <./images/appendix/cifar-100.png (PNG copy)>] [16 <./images/appendix/row-1-column-1.png>] [17 <./images/appendix/row-2-column-1.png>] [18 <./images/appendix/row-3-column-1.png>] [19 <./images/appendix/row-4-column-1.png>] [20 <./images/appendix/row-5-column-1.png>] [21 <./images/appendix/row-6-column-1.png>] [22 <./images/appendix/row-7-column-1.png>] [23 <./images/appendix/row-8-column-1.png>] [24 <./images/appendix/row-9-column-1.png>] [25 <./images/appendix/row-10-column-1.png>] (./main.aux)
Package rerunfilecheck Info: File `main.out' has not changed.
(rerunfilecheck)             Checksum: D873A1DA8F48CF6F7105706162017550;4607.
Package rerunfilecheck Info: File `main.brf' has not changed.
(rerunfilecheck)             Checksum: 9B8A6B6B1C434D8BF73999DE5E37183A;3190.
 ) 
Here is how much of TeX's memory you used:
 15385 strings out of 476017
 260990 string characters out of 5793767
 1887660 words of memory out of 5000000
 35413 multiletter control sequences out of 15000+600000
 547009 words of font info for 108 fonts, out of 8000000 for 9000
 1141 hyphenation exceptions out of 8191
 90i,17n,90p,1336b,619s stack positions out of 10000i,1000n,20000p,200000b,200000s
 <c:/Users/EXCAE/.texlive2023/texmf-var/fonts/pk/ljfour/public/bbm/bbm10.600pk><c:/texlive/2023/texmf-dist/fonts/type1/public/amsfonts/cm/cmbx10.pfb><c:/texlive/2023/texmf-dist/fonts/type1/public/amsfonts/cm/cmex10.pfb><c:/texlive/2023/texmf-dist/fonts/type1/public/amsfonts/cm/cmmi10.pfb><c:/texlive/2023/texmf-dist/fonts/type1/public/amsfonts/cm/cmmi5.pfb><c:/texlive/2023/texmf-dist/fonts/type1/public/amsfonts/cm/cmmi6.pfb><c:/texlive/2023/texmf-dist/fonts/type1/public/amsfonts/cm/cmmi7.pfb><c:/texlive/2023/texmf-dist/fonts/type1/public/amsfonts/cm/cmmi8.pfb><c:/texlive/2023/texmf-dist/fonts/type1/public/amsfonts/cm/cmr10.pfb><c:/texlive/2023/texmf-dist/fonts/type1/public/amsfonts/cm/cmr5.pfb><c:/texlive/2023/texmf-dist/fonts/type1/public/amsfonts/cm/cmr6.pfb><c:/texlive/2023/texmf-dist/fonts/type1/public/amsfonts/cm/cmr7.pfb><c:/texlive/2023/texmf-dist/fonts/type1/public/amsfonts/cm/cmsy10.pfb><c:/texlive/2023/texmf-dist/fonts/type1/public/amsfonts/cm/cmsy5.pfb><c:/texlive/2023/texmf-dist/fonts/type1/public/amsfonts/cm/cmsy6.pfb><c:/texlive/2023/texmf-dist/fonts/type1/public/amsfonts/cm/cmsy7.pfb><c:/texlive/2023/texmf-dist/fonts/type1/public/amsfonts/cm/cmsy9.pfb><c:/texlive/2023/texmf-dist/fonts/type1/urw/courier/ucrr8a.pfb><c:/texlive/2023/texmf-dist/fonts/type1/urw/times/utmb8a.pfb><c:/texlive/2023/texmf-dist/fonts/type1/urw/times/utmr8a.pfb><c:/texlive/2023/texmf-dist/fonts/type1/urw/times/utmri8a.pfb>
Output written on main.pdf (25 pages, 14638990 bytes).
PDF statistics:
 735 PDF objects out of 1000 (max. 8388607)
 607 compressed objects within 7 object streams
 153 named destinations out of 1000 (max. 500000)
 385 words of extra memory for PDF output out of 10000 (max. 10000000)

